#
# There is insufficient memory for the Java Runtime Environment to continue.
# Native memory allocation (malloc) failed to allocate 1341456 bytes for Chunk::new
# Possible reasons:
#   The system is out of physical RAM or swap space
#   The process is running with CompressedOops enabled, and the Java Heap may be blocking the growth of the native heap
# Possible solutions:
#   Reduce memory load on the system
#   Increase physical memory or swap space
#   Check if swap backing store is full
#   Decrease Java heap size (-Xmx/-Xms)
#   Decrease number of Java threads
#   Decrease Java thread stack sizes (-Xss)
#   Set larger code cache with -XX:ReservedCodeCacheSize=
#   JVM is running with Unscaled Compressed Oops mode in which the Java heap is
#     placed in the first 4GB address space. The Java Heap base address is the
#     maximum limit for the native heap growth. Please use -XX:HeapBaseMinAddress
#     to set the Java Heap base and to place the Java Heap above 4GB virtual address.
# This output file may be truncated or incomplete.
#
#  Out of Memory Error (allocation.cpp:389), pid=1156, tid=0x00000000000043a4
#
# JRE version: OpenJDK Runtime Environment (8.0_202-b03) (build 1.8.0_202-release-1483-b03)
# Java VM: OpenJDK 64-Bit Server VM (25.202-b03 mixed mode windows-amd64 compressed oops)
# Failed to write core dump. Minidumps are not enabled by default on client versions of Windows
#

---------------  T H R E A D  ---------------

Current thread (0x0000000016bbc000):  JavaThread "C2 CompilerThread2" daemon [_thread_in_native, id=17316, stack(0x00000000193a0000,0x00000000194a0000)]

Stack: [0x00000000193a0000,0x00000000194a0000]
[error occurred during error reporting (printing stack bounds), id 0xc0000005]

Native frames: (J=compiled Java code, j=interpreted, Vv=VM code, C=native code)


Current CompileTask:
C2:3631505 8984       4       com.sun.tools.javac.code.Symbol$MethodSymbol::implementation (57 bytes)


---------------  P R O C E S S  ---------------

Java Threads: ( => current thread )
  0x00000000204cb000 JavaThread "Cache worker for Java compile cache (D:\noch\Android Studio\.gradle\5.4.1\javaCompile)" [_thread_blocked, id=14924, stack(0x0000000025e30000,0x0000000025f30000)]
  0x00000000204c9800 JavaThread "Cache worker for Java compile cache (C:\Users\Acer\.gradle\caches\5.4.1\javaCompile)" [_thread_blocked, id=11800, stack(0x0000000025d30000,0x0000000025e30000)]
  0x000000001a289800 JavaThread "Cache worker for execution history cache (D:\noch\Android Studio\.gradle\5.4.1\executionHistory)" [_thread_blocked, id=1248, stack(0x00000000259c0000,0x0000000025ac0000)]
  0x000000001a288000 JavaThread "Execution worker for ':' Thread 7" [_thread_blocked, id=16504, stack(0x00000000258c0000,0x00000000259c0000)]
  0x000000001aec9800 JavaThread "Execution worker for ':' Thread 6" [_thread_blocked, id=11004, stack(0x00000000257c0000,0x00000000258c0000)]
  0x000000001aec9000 JavaThread "Execution worker for ':' Thread 5" [_thread_blocked, id=13136, stack(0x00000000256c0000,0x00000000257c0000)]
  0x000000001aecc800 JavaThread "Execution worker for ':' Thread 4" [_thread_blocked, id=1760, stack(0x00000000255c0000,0x00000000256c0000)]
  0x000000001aecc000 JavaThread "Execution worker for ':' Thread 3" [_thread_in_Java, id=14500, stack(0x00000000254c0000,0x00000000255c0000)]
  0x000000001aeca800 JavaThread "Execution worker for ':' Thread 2" [_thread_blocked, id=1740, stack(0x00000000253c0000,0x00000000254c0000)]
  0x000000001aecb000 JavaThread "Execution worker for ':'" [_thread_blocked, id=13476, stack(0x00000000252c0000,0x00000000253c0000)]
  0x000000001aec8000 JavaThread "Cache worker for file content cache (D:\noch\Android Studio\.gradle\5.4.1\fileContent)" [_thread_blocked, id=6348, stack(0x0000000024cb0000,0x0000000024db0000)]
  0x000000001aecd800 JavaThread "Cache worker for file content cache (C:\Users\Acer\.gradle\caches\5.4.1\fileContent)" [_thread_blocked, id=5088, stack(0x0000000024bb0000,0x0000000024cb0000)]
  0x0000000019ec3000 JavaThread "Cache worker for Build Output Cleanup Cache (D:\noch\Android Studio\.gradle\buildOutputCleanup)" [_thread_blocked, id=12180, stack(0x0000000023bb0000,0x0000000023cb0000)]
  0x0000000019ec7800 JavaThread "Build operations Thread 8" [_thread_blocked, id=17348, stack(0x00000000234b0000,0x00000000235b0000)]
  0x0000000019ec7000 JavaThread "Build operations Thread 7" [_thread_blocked, id=3816, stack(0x00000000233b0000,0x00000000234b0000)]
  0x0000000019ec6000 JavaThread "Build operations Thread 6" [_thread_blocked, id=14576, stack(0x00000000232b0000,0x00000000233b0000)]
  0x0000000019ec5800 JavaThread "Build operations Thread 5" [_thread_blocked, id=16036, stack(0x00000000231b0000,0x00000000232b0000)]
  0x0000000019ec2800 JavaThread "Build operations Thread 4" [_thread_blocked, id=1764, stack(0x00000000230b0000,0x00000000231b0000)]
  0x0000000019ec4800 JavaThread "Build operations Thread 3" [_thread_blocked, id=17388, stack(0x0000000022fb0000,0x00000000230b0000)]
  0x0000000019ec4000 JavaThread "Build operations Thread 2" [_thread_blocked, id=4176, stack(0x0000000022eb0000,0x0000000022fb0000)]
  0x0000000019ebb000 JavaThread "Build operations" [_thread_blocked, id=12732, stack(0x0000000022db0000,0x0000000022eb0000)]
  0x0000000019ec1800 JavaThread "Cache worker for cache directory md-rule (C:\Users\Acer\.gradle\caches\5.4.1\md-rule)" [_thread_blocked, id=16664, stack(0x00000000227b0000,0x00000000228b0000)]
  0x0000000019ec1000 JavaThread "Cache worker for cache directory md-supplier (C:\Users\Acer\.gradle\caches\5.4.1\md-supplier)" [_thread_blocked, id=1204, stack(0x0000000020280000,0x0000000020380000)]
  0x0000000019ec0000 JavaThread "Cache worker for file hash cache (D:\noch\Android Studio\.gradle\5.4.1\fileHashes)" [_thread_blocked, id=13776, stack(0x000000001e900000,0x000000001ea00000)]
  0x0000000019eb8800 JavaThread "Thread-40" [_thread_blocked, id=8504, stack(0x000000001c360000,0x000000001c460000)]
  0x0000000019ebf800 JavaThread "Stdin handler" [_thread_blocked, id=13596, stack(0x000000001c060000,0x000000001c160000)]
  0x0000000019ebc800 JavaThread "Asynchronous log dispatcher for DefaultDaemonConnection: socket connection from /127.0.0.1:49720 to /127.0.0.1:63526" [_thread_blocked, id=6104, stack(0x000000001be60000,0x000000001bf60000)]
  0x0000000019ebe000 JavaThread "Daemon worker Thread 2" [_thread_blocked, id=16980, stack(0x000000001b3b0000,0x000000001b4b0000)]
  0x0000000019ebd000 JavaThread "Cancel handler" [_thread_blocked, id=17360, stack(0x0000000000d30000,0x0000000000e30000)]
  0x0000000019ebb800 JavaThread "Handler for socket connection from /127.0.0.1:49720 to /127.0.0.1:63526" [_thread_in_native, id=2376, stack(0x0000000000c30000,0x0000000000d30000)]
  0x0000000019ebe800 JavaThread "Daemon Thread 2" [_thread_blocked, id=2800, stack(0x0000000000b30000,0x0000000000c30000)]
  0x0000000019eba000 JavaThread "Memory manager" [_thread_blocked, id=15692, stack(0x00000000246b0000,0x00000000247b0000)]
  0x000000001aece000 JavaThread "Cache worker for execution history cache (C:\Users\Acer\.gradle\caches\5.4.1\executionHistory)" [_thread_blocked, id=8508, stack(0x0000000022ab0000,0x0000000022bb0000)]
  0x000000001a28a800 JavaThread "Cache worker for journal cache (C:\Users\Acer\.gradle\caches\journal-1)" [_thread_blocked, id=8132, stack(0x000000001c660000,0x000000001c760000)]
  0x000000001a28c800 JavaThread "File lock request listener" [_thread_in_native, id=13452, stack(0x000000001c560000,0x000000001c660000)]
  0x000000001a28d800 JavaThread "Cache worker for file hash cache (C:\Users\Acer\.gradle\caches\5.4.1\fileHashes)" [_thread_blocked, id=11352, stack(0x000000001c460000,0x000000001c560000)]
  0x0000000018b28000 JavaThread "Daemon periodic checks" [_thread_blocked, id=16424, stack(0x000000001b960000,0x000000001ba60000)]
  0x00000000199ef000 JavaThread "Incoming local TCP Connector on port 49720" [_thread_in_native, id=6028, stack(0x000000001b7b0000,0x000000001b8b0000)]
  0x000000001aab1000 JavaThread "Daemon health stats" [_thread_blocked, id=12200, stack(0x000000001b4b0000,0x000000001b5b0000)]
  0x0000000018acb000 JavaThread "Service Thread" daemon [_thread_blocked, id=8320, stack(0x00000000195a0000,0x00000000196a0000)]
  0x0000000016bbe000 JavaThread "C1 CompilerThread3" daemon [_thread_blocked, id=15088, stack(0x00000000194a0000,0x00000000195a0000)]
=>0x0000000016bbc000 JavaThread "C2 CompilerThread2" daemon [_thread_in_native, id=17316, stack(0x00000000193a0000,0x00000000194a0000)]
  0x00000000189e1000 JavaThread "C2 CompilerThread1" daemon [_thread_in_native, id=11972, stack(0x00000000192a0000,0x00000000193a0000)]
  0x00000000189db800 JavaThread "C2 CompilerThread0" daemon [_thread_in_native, id=2100, stack(0x00000000191a0000,0x00000000192a0000)]
  0x00000000189db000 JavaThread "Attach Listener" daemon [_thread_blocked, id=14956, stack(0x00000000190a0000,0x00000000191a0000)]
  0x0000000018a38000 JavaThread "Signal Dispatcher" daemon [_thread_blocked, id=2316, stack(0x0000000018fa0000,0x00000000190a0000)]
  0x0000000002ded800 JavaThread "Finalizer" daemon [_thread_blocked, id=7580, stack(0x0000000018ea0000,0x0000000018fa0000)]
  0x0000000016bac000 JavaThread "Reference Handler" daemon [_thread_blocked, id=9788, stack(0x0000000018da0000,0x0000000018ea0000)]
  0x0000000000f0d800 JavaThread "main" [_thread_blocked, id=10228, stack(0x0000000002810000,0x0000000002910000)]

Other Threads:
  0x0000000016ba8000 VMThread [stack: 0x00000000188a0000,0x00000000189a0000] [id=15616]
  0x0000000018a9e800 WatcherThread [stack: 0x00000000196a0000,0x00000000197a0000] [id=6020]

VM state:not at safepoint (normal execution)

VM Mutex/Monitor currently owned by a thread: None

heap address: 0x00000000a0000000, size: 1536 MB, Compressed Oops mode: 32-bit
Narrow klass base: 0x0000000000000000, Narrow klass shift: 3
Compressed class space size: 1073741824 Address: 0x0000000100000000

Heap:
 PSYoungGen      total 252416K, used 15879K [0x00000000e0000000, 0x00000000f0e80000, 0x0000000100000000)
  eden space 238080K, 6% used [0x00000000e0000000,0x00000000e0f81d78,0x00000000ee880000)
  from space 14336K, 0% used [0x00000000f0080000,0x00000000f0080000,0x00000000f0e80000)
  to   space 19456K, 0% used [0x00000000ee880000,0x00000000ee880000,0x00000000efb80000)
 ParOldGen       total 116224K, used 37794K [0x00000000a0000000, 0x00000000a7180000, 0x00000000e0000000)
  object space 116224K, 32% used [0x00000000a0000000,0x00000000a24e8960,0x00000000a7180000)
 Metaspace       used 68980K, capacity 70692K, committed 71384K, reserved 1116160K
  class space    used 8958K, capacity 9365K, committed 9472K, reserved 1048576K

Card table byte_map: [0x00000000121b0000,0x00000000124c0000] byte_map_base: 0x0000000011cb0000

Marking Bits: (ParMarkBitMap*) 0x000000005eac9f30
 Begin Bits: [0x0000000012ec0000, 0x00000000146c0000)
 End Bits:   [0x00000000146c0000, 0x0000000015ec0000)

Polling page: 0x0000000000a20000

CodeCache: size=245760Kb used=24949Kb max_used=24990Kb free=220810Kb
 bounds [0x0000000002df0000, 0x0000000004680000, 0x0000000011df0000]
 total_blobs=8626 nmethods=7808 adapters=726
 compilation: enabled

Compilation events (10 events):
Event: 3631.490 Thread 0x00000000189e1000 nmethod 9103 0x00000000044791d0 code [0x0000000004479360, 0x0000000004479750]
Event: 3631.492 Thread 0x0000000016bbe000 9106       3       org.gradle.internal.snapshot.MerkleDirectorySnapshotBuilder::<init> (43 bytes)
Event: 3631.492 Thread 0x0000000016bbe000 nmethod 9106 0x0000000004479e10 code [0x000000000447a000, 0x000000000447a9b0]
Event: 3631.496 Thread 0x0000000016bbe000 9107       3       org.gradle.internal.snapshot.MerkleDirectorySnapshotBuilder::sortingRequired (9 bytes)
Event: 3631.496 Thread 0x0000000016bbe000 nmethod 9107 0x0000000004478dd0 code [0x0000000004478f40, 0x0000000004479108]
Event: 3631.496 Thread 0x0000000016bbe000 9108       3       org.gradle.internal.snapshot.impl.DirectorySnapshotter$1::<init> (26 bytes)
Event: 3631.496 Thread 0x0000000016bbe000 nmethod 9108 0x00000000043ebdd0 code [0x00000000043ebf20, 0x00000000043ec130]
Event: 3631.499 Thread 0x0000000016bbe000 9109   !   3       java.io.ObjectStreamClass::invokeWriteObject (79 bytes)
Event: 3631.500 Thread 0x0000000016bbe000 nmethod 9109 0x00000000043eac90 code [0x00000000043eaea0, 0x00000000043eb918]
Event: 3631.500 Thread 0x00000000189e1000 9110 %     4       org.apache.commons.io.FilenameUtils::doNormalize @ 134 (534 bytes)

GC Heap History (10 events):
Event: 13.261 GC heap before
{Heap before GC invocations=14 (full 2):
 PSYoungGen      total 152576K, used 26719K [0x00000000e0000000, 0x00000000ed500000, 0x0000000100000000)
  eden space 138752K, 9% used [0x00000000e0000000,0x00000000e0c9b470,0x00000000e8780000)
  from space 13824K, 99% used [0x00000000e8780000,0x00000000e94fc8c8,0x00000000e9500000)
  to   space 18432K, 0% used [0x00000000ec300000,0x00000000ec300000,0x00000000ed500000)
 ParOldGen       total 87552K, used 28819K [0x00000000a0000000, 0x00000000a5580000, 0x00000000e0000000)
  object space 87552K, 32% used [0x00000000a0000000,0x00000000a1c24c58,0x00000000a5580000)
 Metaspace       used 57314K, capacity 58806K, committed 58968K, reserved 1099776K
  class space    used 7820K, capacity 8196K, committed 8320K, reserved 1048576K
Event: 13.273 GC heap after
Heap after GC invocations=14 (full 2):
 PSYoungGen      total 199168K, used 433K [0x00000000e0000000, 0x00000000ef180000, 0x0000000100000000)
  eden space 180736K, 0% used [0x00000000e0000000,0x00000000e0000000,0x00000000eb080000)
  from space 18432K, 2% used [0x00000000ec300000,0x00000000ec36c578,0x00000000ed500000)
  to   space 18944K, 0% used [0x00000000eb080000,0x00000000eb080000,0x00000000ec300000)
 ParOldGen       total 87552K, used 34552K [0x00000000a0000000, 0x00000000a5580000, 0x00000000e0000000)
  object space 87552K, 39% used [0x00000000a0000000,0x00000000a21be280,0x00000000a5580000)
 Metaspace       used 57314K, capacity 58806K, committed 58968K, reserved 1099776K
  class space    used 7820K, capacity 8196K, committed 8320K, reserved 1048576K
}
Event: 13.273 GC heap before
{Heap before GC invocations=15 (full 3):
 PSYoungGen      total 199168K, used 433K [0x00000000e0000000, 0x00000000ef180000, 0x0000000100000000)
  eden space 180736K, 0% used [0x00000000e0000000,0x00000000e0000000,0x00000000eb080000)
  from space 18432K, 2% used [0x00000000ec300000,0x00000000ec36c578,0x00000000ed500000)
  to   space 18944K, 0% used [0x00000000eb080000,0x00000000eb080000,0x00000000ec300000)
 ParOldGen       total 87552K, used 34552K [0x00000000a0000000, 0x00000000a5580000, 0x00000000e0000000)
  object space 87552K, 39% used [0x00000000a0000000,0x00000000a21be280,0x00000000a5580000)
 Metaspace       used 57314K, capacity 58806K, committed 58968K, reserved 1099776K
  class space    used 7820K, capacity 8196K, committed 8320K, reserved 1048576K
Event: 13.552 GC heap after
Heap after GC invocations=15 (full 3):
 PSYoungGen      total 199168K, used 0K [0x00000000e0000000, 0x00000000ef180000, 0x0000000100000000)
  eden space 180736K, 0% used [0x00000000e0000000,0x00000000e0000000,0x00000000eb080000)
  from space 18432K, 0% used [0x00000000ec300000,0x00000000ec300000,0x00000000ed500000)
  to   space 18944K, 0% used [0x00000000eb080000,0x00000000eb080000,0x00000000ec300000)
 ParOldGen       total 116224K, used 27372K [0x00000000a0000000, 0x00000000a7180000, 0x00000000e0000000)
  object space 116224K, 23% used [0x00000000a0000000,0x00000000a1abb280,0x00000000a7180000)
 Metaspace       used 57314K, capacity 58806K, committed 58968K, reserved 1099776K
  class space    used 7820K, capacity 8196K, committed 8320K, reserved 1048576K
}
Event: 3628.609 GC heap before
{Heap before GC invocations=16 (full 3):
 PSYoungGen      total 199168K, used 180736K [0x00000000e0000000, 0x00000000ef180000, 0x0000000100000000)
  eden space 180736K, 100% used [0x00000000e0000000,0x00000000eb080000,0x00000000eb080000)
  from space 18432K, 0% used [0x00000000ec300000,0x00000000ec300000,0x00000000ed500000)
  to   space 18944K, 0% used [0x00000000eb080000,0x00000000eb080000,0x00000000ec300000)
 ParOldGen       total 116224K, used 27372K [0x00000000a0000000, 0x00000000a7180000, 0x00000000e0000000)
  object space 116224K, 23% used [0x00000000a0000000,0x00000000a1abb280,0x00000000a7180000)
 Metaspace       used 63377K, capacity 65270K, committed 65368K, reserved 1105920K
  class space    used 8346K, capacity 8790K, committed 8832K, reserved 1048576K
Event: 3628.644 GC heap after
Heap after GC invocations=16 (full 3):
 PSYoungGen      total 199680K, used 12756K [0x00000000e0000000, 0x00000000f1380000, 0x0000000100000000)
  eden space 180736K, 0% used [0x00000000e0000000,0x00000000e0000000,0x00000000eb080000)
  from space 18944K, 67% used [0x00000000eb080000,0x00000000ebcf5168,0x00000000ec300000)
  to   space 19456K, 0% used [0x00000000f0080000,0x00000000f0080000,0x00000000f1380000)
 ParOldGen       total 116224K, used 27380K [0x00000000a0000000, 0x00000000a7180000, 0x00000000e0000000)
  object space 116224K, 23% used [0x00000000a0000000,0x00000000a1abd280,0x00000000a7180000)
 Metaspace       used 63377K, capacity 65270K, committed 65368K, reserved 1105920K
  class space    used 8346K, capacity 8790K, committed 8832K, reserved 1048576K
}
Event: 3630.956 GC heap before
{Heap before GC invocations=17 (full 3):
 PSYoungGen      total 199680K, used 87393K [0x00000000e0000000, 0x00000000f1380000, 0x0000000100000000)
  eden space 180736K, 41% used [0x00000000e0000000,0x00000000e48e33f8,0x00000000eb080000)
  from space 18944K, 67% used [0x00000000eb080000,0x00000000ebcf5168,0x00000000ec300000)
  to   space 19456K, 0% used [0x00000000f0080000,0x00000000f0080000,0x00000000f1380000)
 ParOldGen       total 116224K, used 27380K [0x00000000a0000000, 0x00000000a7180000, 0x00000000e0000000)
  object space 116224K, 23% used [0x00000000a0000000,0x00000000a1abd280,0x00000000a7180000)
 Metaspace       used 69101K, capacity 71034K, committed 71128K, reserved 1118208K
  class space    used 8992K, capacity 9434K, committed 9472K, reserved 1048576K
Event: 3630.987 GC heap after
Heap after GC invocations=17 (full 3):
 PSYoungGen      total 252416K, used 10966K [0x00000000e0000000, 0x00000000f0e80000, 0x0000000100000000)
  eden space 238080K, 0% used [0x00000000e0000000,0x00000000e0000000,0x00000000ee880000)
  from space 14336K, 76% used [0x00000000f0080000,0x00000000f0b35bd8,0x00000000f0e80000)
  to   space 19456K, 0% used [0x00000000ee880000,0x00000000ee880000,0x00000000efb80000)
 ParOldGen       total 116224K, used 36318K [0x00000000a0000000, 0x00000000a7180000, 0x00000000e0000000)
  object space 116224K, 31% used [0x00000000a0000000,0x00000000a2377b20,0x00000000a7180000)
 Metaspace       used 69101K, capacity 71034K, committed 71128K, reserved 1118208K
  class space    used 8992K, capacity 9434K, committed 9472K, reserved 1048576K
}
Event: 3630.987 GC heap before
{Heap before GC invocations=18 (full 4):
 PSYoungGen      total 252416K, used 10966K [0x00000000e0000000, 0x00000000f0e80000, 0x0000000100000000)
  eden space 238080K, 0% used [0x00000000e0000000,0x00000000e0000000,0x00000000ee880000)
  from space 14336K, 76% used [0x00000000f0080000,0x00000000f0b35bd8,0x00000000f0e80000)
  to   space 19456K, 0% used [0x00000000ee880000,0x00000000ee880000,0x00000000efb80000)
 ParOldGen       total 116224K, used 36318K [0x00000000a0000000, 0x00000000a7180000, 0x00000000e0000000)
  object space 116224K, 31% used [0x00000000a0000000,0x00000000a2377b20,0x00000000a7180000)
 Metaspace       used 69101K, capacity 71034K, committed 71128K, reserved 1118208K
  class space    used 8992K, capacity 9434K, committed 9472K, reserved 1048576K
Event: 3631.241 GC heap after
Heap after GC invocations=18 (full 4):
 PSYoungGen      total 252416K, used 0K [0x00000000e0000000, 0x00000000f0e80000, 0x0000000100000000)
  eden space 238080K, 0% used [0x00000000e0000000,0x00000000e0000000,0x00000000ee880000)
  from space 14336K, 0% used [0x00000000f0080000,0x00000000f0080000,0x00000000f0e80000)
  to   space 19456K, 0% used [0x00000000ee880000,0x00000000ee880000,0x00000000efb80000)
 ParOldGen       total 116224K, used 37794K [0x00000000a0000000, 0x00000000a7180000, 0x00000000e0000000)
  object space 116224K, 32% used [0x00000000a0000000,0x00000000a24e8960,0x00000000a7180000)
 Metaspace       used 68750K, capacity 70408K, committed 71128K, reserved 1116160K
  class space    used 8924K, capacity 9309K, committed 9472K, reserved 1048576K
}

Deoptimization events (10 events):
Event: 3631.298 Thread 0x000000001aecc000 Uncommon trap: reason=unstable_if action=reinterpret pc=0x00000000033cfaf4 method=java.lang.ref.SoftReference.get()Ljava/lang/Object; @ 6
Event: 3631.337 Thread 0x000000001aecc000 Uncommon trap: reason=unstable_if action=reinterpret pc=0x0000000003c2b8b0 method=java.lang.ref.SoftReference.get()Ljava/lang/Object; @ 6
Event: 3631.343 Thread 0x000000001a289800 Uncommon trap: reason=unstable_if action=reinterpret pc=0x0000000003c258f8 method=java.lang.ref.SoftReference.get()Ljava/lang/Object; @ 6
Event: 3631.345 Thread 0x000000001a289800 Uncommon trap: reason=unstable_if action=reinterpret pc=0x0000000003f7cbd8 method=com.esotericsoftware.kryo.io.Output.writeBytes([BII)V @ 61
Event: 3631.345 Thread 0x000000001a289800 Uncommon trap: reason=unstable_if action=reinterpret pc=0x0000000003897a24 method=com.esotericsoftware.kryo.io.Output.writeString(Ljava/lang/CharSequence;)V @ 50
Event: 3631.346 Thread 0x0000000019eb8800 Uncommon trap: reason=unstable_if action=reinterpret pc=0x00000000042b0c48 method=java.lang.ref.SoftReference.get()Ljava/lang/Object; @ 6
Event: 3631.346 Thread 0x0000000019eb8800 Uncommon trap: reason=unstable_if action=reinterpret pc=0x0000000003491588 method=java.lang.ref.SoftReference.get()Ljava/lang/Object; @ 6
Event: 3631.350 Thread 0x0000000019eb8800 Uncommon trap: reason=unstable_if action=reinterpret pc=0x0000000002fe2d40 method=java.lang.ref.SoftReference.get()Ljava/lang/Object; @ 6
Event: 3631.350 Thread 0x000000001a289800 Uncommon trap: reason=unstable_if action=reinterpret pc=0x00000000032d9ca8 method=java.io.BufferedOutputStream.write([BII)V @ 6
Event: 3631.356 Thread 0x0000000019eb8800 Uncommon trap: reason=unstable_if action=reinterpret pc=0x00000000042c614c method=java.io.ObjectStreamClass.hasWriteReplaceMethod()Z @ 8

Classes redefined (0 events):
No events

Internal exceptions (10 events):
Event: 3631.347 Thread 0x0000000019eb8800 Exception <a 'java/lang/NoSuchMethodError': <clinit>> (0x00000000e00b4f30) thrown at [D:\src\AOSP-openjdk-cygwin\jdk8u\hotspot\src\share\vm\prims\jni.cpp, line 1614]
Event: 3631.349 Thread 0x0000000019eb8800 Exception <a 'java/lang/NoSuchMethodError': <clinit>> (0x00000000e00c2488) thrown at [D:\src\AOSP-openjdk-cygwin\jdk8u\hotspot\src\share\vm\prims\jni.cpp, line 1614]
Event: 3631.350 Thread 0x0000000019eb8800 Implicit null exception at 0x0000000002fe2778 to 0x0000000002fe2d19
Event: 3631.352 Thread 0x0000000019eb8800 Exception <a 'java/lang/NoSuchMethodError': <clinit>> (0x00000000e00ddb10) thrown at [D:\src\AOSP-openjdk-cygwin\jdk8u\hotspot\src\share\vm\prims\jni.cpp, line 1614]
Event: 3631.354 Thread 0x0000000019eb8800 Exception <a 'java/lang/NoSuchMethodError': <clinit>> (0x00000000e00f8570) thrown at [D:\src\AOSP-openjdk-cygwin\jdk8u\hotspot\src\share\vm\prims\jni.cpp, line 1614]
Event: 3631.354 Thread 0x0000000019eb8800 Exception <a 'java/lang/NoSuchMethodError': <clinit>> (0x00000000e00fa868) thrown at [D:\src\AOSP-openjdk-cygwin\jdk8u\hotspot\src\share\vm\prims\jni.cpp, line 1614]
Event: 3631.354 Thread 0x0000000019eb8800 Exception <a 'java/lang/NoSuchMethodError': <clinit>> (0x00000000e00fc240) thrown at [D:\src\AOSP-openjdk-cygwin\jdk8u\hotspot\src\share\vm\prims\jni.cpp, line 1614]
Event: 3631.358 Thread 0x0000000019eb8800 Exception <a 'java/lang/NoSuchMethodError': <clinit>> (0x00000000e0a0bc70) thrown at [D:\src\AOSP-openjdk-cygwin\jdk8u\hotspot\src\share\vm\prims\jni.cpp, line 1614]
Event: 3631.359 Thread 0x0000000019eb8800 Exception <a 'java/lang/NoSuchMethodError': <clinit>> (0x00000000e0a1b578) thrown at [D:\src\AOSP-openjdk-cygwin\jdk8u\hotspot\src\share\vm\prims\jni.cpp, line 1614]
Event: 3631.503 Thread 0x0000000019eb8800 Exception <a 'java/lang/NoSuchMethodError': <clinit>> (0x00000000e0a3eea0) thrown at [D:\src\AOSP-openjdk-cygwin\jdk8u\hotspot\src\share\vm\prims\jni.cpp, line 1614]

Events (10 events):
Event: 3631.359 loading class org/gradle/internal/snapshot/impl/AbstractMapSnapshot
Event: 3631.359 loading class org/gradle/internal/snapshot/impl/AbstractMapSnapshot done
Event: 3631.363 loading class org/gradle/internal/snapshot/impl/FileSystemSnapshotFilter
Event: 3631.363 loading class org/gradle/internal/snapshot/impl/FileSystemSnapshotFilter done
Event: 3631.364 Executing VM operation: RevokeBias
Event: 3631.364 Executing VM operation: RevokeBias done
Event: 3631.366 loading class org/gradle/internal/snapshot/impl/FileSystemSnapshotFilter$1
Event: 3631.366 loading class org/gradle/internal/snapshot/impl/FileSystemSnapshotFilter$1 done
Event: 3631.483 Thread 0x000000001a28a800 DEOPT PACKING pc=0x00000000043ba599 sp=0x000000001c75e7b0
Event: 3631.483 Thread 0x000000001a28a800 DEOPT UNPACKING pc=0x0000000002e375d0 sp=0x000000001c75e4d8 mode 0


Dynamic libraries:
0x00007ff6ad340000 - 0x00007ff6ad371000 	D:\AndroidStudio\jre\bin\java.exe
0x00007ffd45180000 - 0x00007ffd45370000 	C:\WINDOWS\SYSTEM32\ntdll.dll
0x00007ffd435c0000 - 0x00007ffd43672000 	C:\WINDOWS\System32\KERNEL32.DLL
0x00007ffd42340000 - 0x00007ffd425e5000 	C:\WINDOWS\System32\KERNELBASE.dll
0x00007ffd44560000 - 0x00007ffd44603000 	C:\WINDOWS\System32\ADVAPI32.dll
0x00007ffd43680000 - 0x00007ffd4371e000 	C:\WINDOWS\System32\msvcrt.dll
0x00007ffd44c90000 - 0x00007ffd44d27000 	C:\WINDOWS\System32\sechost.dll
0x00007ffd43720000 - 0x00007ffd43840000 	C:\WINDOWS\System32\RPCRT4.dll
0x00007ffd439a0000 - 0x00007ffd43b34000 	C:\WINDOWS\System32\USER32.dll
0x00007ffd42680000 - 0x00007ffd426a1000 	C:\WINDOWS\System32\win32u.dll
0x00007ffd43230000 - 0x00007ffd43256000 	C:\WINDOWS\System32\GDI32.dll
0x00007ffd42760000 - 0x00007ffd428f6000 	C:\WINDOWS\System32\gdi32full.dll
0x00007ffd430f0000 - 0x00007ffd4318e000 	C:\WINDOWS\System32\msvcp_win.dll
0x00007ffd42240000 - 0x00007ffd4233a000 	C:\WINDOWS\System32\ucrtbase.dll
0x00007ffd414a0000 - 0x00007ffd41724000 	C:\WINDOWS\WinSxS\amd64_microsoft.windows.common-controls_6595b64144ccf1df_6.0.18362.1256_none_9e7e379be45e40e2\COMCTL32.dll
0x00007ffd44d90000 - 0x00007ffd450c6000 	C:\WINDOWS\System32\combase.dll
0x00007ffd425f0000 - 0x00007ffd42671000 	C:\WINDOWS\System32\bcryptPrimitives.dll
0x00007ffd434c0000 - 0x00007ffd434ee000 	C:\WINDOWS\System32\IMM32.DLL
0x00007ffd41fb0000 - 0x00007ffd4201e000 	C:\WINDOWS\System32\dtrampo.dll
0x000000005f560000 - 0x000000005f632000 	D:\AndroidStudio\jre\jre\bin\msvcr100.dll
0x000000005e300000 - 0x000000005eb46000 	D:\AndroidStudio\jre\jre\bin\server\jvm.dll
0x00007ffd43b40000 - 0x00007ffd43b48000 	C:\WINDOWS\System32\PSAPI.DLL
0x00007ffd2df10000 - 0x00007ffd2df19000 	C:\WINDOWS\SYSTEM32\WSOCK32.dll
0x00007ffd450d0000 - 0x00007ffd4513f000 	C:\WINDOWS\System32\WS2_32.dll
0x00007ffd3e6a0000 - 0x00007ffd3e6c4000 	C:\WINDOWS\SYSTEM32\WINMM.dll
0x00007ffd35020000 - 0x00007ffd3502a000 	C:\WINDOWS\SYSTEM32\VERSION.dll
0x00007ffd3e670000 - 0x00007ffd3e69d000 	C:\WINDOWS\SYSTEM32\WINMMBASE.dll
0x00007ffd431c0000 - 0x00007ffd4320a000 	C:\WINDOWS\System32\cfgmgr32.dll
0x00007ffd35460000 - 0x00007ffd3546f000 	D:\AndroidStudio\jre\jre\bin\verify.dll
0x00007ffd2ae10000 - 0x00007ffd2ae39000 	D:\AndroidStudio\jre\jre\bin\java.dll
0x00007ffd250b0000 - 0x00007ffd250c6000 	D:\AndroidStudio\jre\jre\bin\zip.dll
0x00007ffd43d30000 - 0x00007ffd44417000 	C:\WINDOWS\System32\SHELL32.dll
0x00007ffd43260000 - 0x00007ffd43309000 	C:\WINDOWS\System32\shcore.dll
0x00007ffd42960000 - 0x00007ffd430e1000 	C:\WINDOWS\System32\windows.storage.dll
0x00007ffd42050000 - 0x00007ffd42073000 	C:\WINDOWS\System32\profapi.dll
0x00007ffd420a0000 - 0x00007ffd420ea000 	C:\WINDOWS\System32\powrprof.dll
0x00007ffd42020000 - 0x00007ffd42030000 	C:\WINDOWS\System32\UMPDC.dll
0x00007ffd44d30000 - 0x00007ffd44d82000 	C:\WINDOWS\System32\shlwapi.dll
0x00007ffd42030000 - 0x00007ffd42041000 	C:\WINDOWS\System32\kernel.appcore.dll
0x00007ffd43210000 - 0x00007ffd43227000 	C:\WINDOWS\System32\cryptsp.dll
0x00007ffd25020000 - 0x00007ffd2503a000 	D:\AndroidStudio\jre\jre\bin\net.dll
0x00007ffd300f0000 - 0x00007ffd301e1000 	C:\Windows\Netease\UU\uu_lsp64.dll
0x000000001af70000 - 0x000000001b0b9000 	C:\WINDOWS\System32\CRYPT32.dll
0x00007ffd42080000 - 0x00007ffd42092000 	C:\WINDOWS\System32\MSASN1.dll
0x00007ffd40e90000 - 0x00007ffd40eca000 	C:\WINDOWS\SYSTEM32\IPHLPAPI.DLL
0x00007ffd412e0000 - 0x00007ffd41347000 	C:\WINDOWS\system32\mswsock.dll
0x00007ffd300e0000 - 0x00007ffd300ea000 	C:\WINDOWS\system32\wshqos.dll
0x00007ffd300d0000 - 0x00007ffd300d8000 	C:\WINDOWS\SYSTEM32\wshtcpip.DLL
0x00007ffd300c0000 - 0x00007ffd300c8000 	C:\WINDOWS\SYSTEM32\wship6.dll
0x00007ffd24960000 - 0x00007ffd24971000 	D:\AndroidStudio\jre\jre\bin\nio.dll
0x00007ffd18170000 - 0x00007ffd18196000 	C:\Users\Acer\.gradle\native\29\windows-amd64\native-platform.dll
0x00007ffd32ac0000 - 0x00007ffd32acd000 	D:\AndroidStudio\jre\jre\bin\management.dll
0x00007ffd40c90000 - 0x00007ffd40cc3000 	C:\WINDOWS\system32\rsaenh.dll
0x00007ffd43190000 - 0x00007ffd431b6000 	C:\WINDOWS\System32\bcrypt.dll
0x00007ffd41ed0000 - 0x00007ffd41ef5000 	C:\WINDOWS\SYSTEM32\USERENV.dll
0x00007ffd413c0000 - 0x00007ffd413cc000 	C:\WINDOWS\SYSTEM32\CRYPTBASE.dll
0x00007ffd44810000 - 0x00007ffd44818000 	C:\WINDOWS\System32\NSI.dll
0x00007ffd38d80000 - 0x00007ffd38d96000 	C:\WINDOWS\SYSTEM32\dhcpcsvc6.DLL
0x00007ffd38d60000 - 0x00007ffd38d7c000 	C:\WINDOWS\SYSTEM32\dhcpcsvc.DLL
0x00007ffd40ed0000 - 0x00007ffd40f9b000 	C:\WINDOWS\SYSTEM32\DNSAPI.dll

VM Arguments:
jvm_args: -Xmx1536m -Dfile.encoding=GBK -Duser.country=CN -Duser.language=zh -Duser.variant 
java_command: org.gradle.launcher.daemon.bootstrap.GradleDaemon 5.4.1
java_class_path (initial): C:\Users\Acer\.gradle\wrapper\dists\gradle-5.4.1-all\3221gyojl5jsh0helicew7rwx\gradle-5.4.1\lib\gradle-launcher-5.4.1.jar
Launcher Type: SUN_STANDARD

Environment Variables:
JAVA_HOME=C:\Program Files\AdoptOpenJDK\jdk-11.0.8.10-hotspot\
CLASSPATH=.;C:\Program Files\Java\jdk1.8.0_221\lib
PATH=C:\Program Files\AdoptOpenJDK\jdk-11.0.8.10-hotspot\bin;C:\Program Files\Java\jdk1.8.0_221\bin;C:\Windows\System32;D:\SQL\bin;D:\swipl\bin;D:\x86_64-8.1.0-release-posix-seh-rt_v6-rev0\mingw64\bin;D:\BaiduNetdiskDownload\gcc\bin;D:\nodejs\;D:\sdk\build-tools\30.0.3;D:\sdk\emulator;D:\sdk\platform-tools;D:\PYTHON3.7\Scripts\;D:\PYTHON3.7\;D:\Anaconda3;D:\Anaconda3\Library\mingw-w64\bin;D:\Anaconda3\Library\usr\bin;D:\Anaconda3\Library\bin;D:\Anaconda3\Scripts;D:\Python\Scripts\;D:\Python\;C:\Users\Acer\AppData\Local\Microsoft\WindowsApps;D:\miktex\miktex\bin\x64\;D:\Microsoft VS Code\bin;C:\Windows\System32;D:\SQL\bin;D:\apache-maven-3.6.3-bin\apache-maven-3.6.3\bin;D:\x86_64-8.1.0-release-posix-seh-rt_v6-rev0\mingw64\bin;C:\Users\Acer\AppData\Roaming\npm;D:\文档\个人代码\大三上\libsvm-3.24\windows;
USERNAME=Acer
OS=Windows_NT
PROCESSOR_IDENTIFIER=Intel64 Family 6 Model 142 Stepping 10, GenuineIntel



---------------  S Y S T E M  ---------------

OS: Windows 10.0 , 64 bit Build 18362 (10.0.18362.1110)

CPU:total 8 (initial active 8) (4 cores per cpu, 2 threads per core) family 6 model 142 stepping 10, cmov, cx8, fxsr, mmx, sse, sse2, sse3, ssse3, sse4.1, sse4.2, popcnt, avx, avx2, aes, clmul, erms, 3dnowpref, lzcnt, ht, tsc, tscinvbit, bmi1, bmi2, adx

Memory: 4k page, physical 8261224k(503376k free), swap 20956504k(5672k free)

vm_info: OpenJDK 64-Bit Server VM (25.202-b03) for windows-amd64 JRE (1.8.0_202-release-1483-b03), built by "builder" with MS VC++ 10.0 (VS2010)

time: Mon Jan 11 18:04:34 2021
timezone: 中国标准时间
elapsed time: 3631 seconds (0d 1h 0m 31s)

