#
# There is insufficient memory for the Java Runtime Environment to continue.
# Native memory allocation (malloc) failed to allocate 1987856 bytes for Chunk::new
# Possible reasons:
#   The system is out of physical RAM or swap space
#   The process is running with CompressedOops enabled, and the Java Heap may be blocking the growth of the native heap
# Possible solutions:
#   Reduce memory load on the system
#   Increase physical memory or swap space
#   Check if swap backing store is full
#   Decrease Java heap size (-Xmx/-Xms)
#   Decrease number of Java threads
#   Decrease Java thread stack sizes (-Xss)
#   Set larger code cache with -XX:ReservedCodeCacheSize=
#   JVM is running with Unscaled Compressed Oops mode in which the Java heap is
#     placed in the first 4GB address space. The Java Heap base address is the
#     maximum limit for the native heap growth. Please use -XX:HeapBaseMinAddress
#     to set the Java Heap base and to place the Java Heap above 4GB virtual address.
# This output file may be truncated or incomplete.
#
#  Out of Memory Error (allocation.cpp:389), pid=13872, tid=0x0000000000004af4
#
# JRE version: OpenJDK Runtime Environment (8.0_202-b03) (build 1.8.0_202-release-1483-b03)
# Java VM: OpenJDK 64-Bit Server VM (25.202-b03 mixed mode windows-amd64 compressed oops)
# Failed to write core dump. Minidumps are not enabled by default on client versions of Windows
#

---------------  T H R E A D  ---------------

Current thread (0x00000000171ca000):  JavaThread "C2 CompilerThread1" daemon [_thread_in_native, id=19188, stack(0x00000000198e0000,0x00000000199e0000)]

Stack: [0x00000000198e0000,0x00000000199e0000]
[error occurred during error reporting (printing stack bounds), id 0xc0000005]

Native frames: (J=compiled Java code, j=interpreted, Vv=VM code, C=native code)


Current CompileTask:
C2: 117636 19424 %     4       com.android.tools.r8.ir.regalloc.LinearScanRegisterAllocator::a @ 2119 (3743 bytes)


---------------  P R O C E S S  ---------------

Java Threads: ( => current thread )
  0x00000000279cd800 JavaThread "WorkerExecutor Queue Thread 12" [_thread_blocked, id=18352, stack(0x0000000028040000,0x0000000028140000)]
  0x00000000279cb000 JavaThread "WorkerExecutor Queue Thread 11" [_thread_blocked, id=19864, stack(0x000000001b8d0000,0x000000001b9d0000)]
  0x00000000279ca800 JavaThread "WorkerExecutor Queue Thread 9" [_thread_blocked, id=9452, stack(0x000000002df50000,0x000000002e050000)]
  0x000000001e6f2800 JavaThread "ForkJoinPool.commonPool-worker-7" daemon [_thread_blocked, id=17028, stack(0x000000002e150000,0x000000002e250000)]
  0x000000001e6f6800 JavaThread "ForkJoinPool.commonPool-worker-6" daemon [_thread_blocked, id=3300, stack(0x000000002e050000,0x000000002e150000)]
  0x000000001d396000 JavaThread "ForkJoinPool.commonPool-worker-4" daemon [_thread_blocked, id=9564, stack(0x000000002b620000,0x000000002b720000)]
  0x000000001d394000 JavaThread "ForkJoinPool.commonPool-worker-3" daemon [_thread_blocked, id=18696, stack(0x000000001c790000,0x000000001c890000)]
  0x000000001d397800 JavaThread "Cache worker for Java compile cache (D:\noch\Android Studio\.gradle\5.4.1\javaCompile)" [_thread_blocked, id=6536, stack(0x000000002a520000,0x000000002a620000)]
  0x000000001d399000 JavaThread "Cache worker for Java compile cache (C:\Users\Acer\.gradle\caches\5.4.1\javaCompile)" [_thread_blocked, id=14236, stack(0x000000002a420000,0x000000002a520000)]
  0x000000001d38d000 JavaThread "stdout" [_thread_in_native, id=14188, stack(0x000000002a120000,0x000000002a220000)]
  0x000000001d393000 JavaThread "stderr" [_thread_in_native, id=19176, stack(0x0000000029ed0000,0x0000000029fd0000)]
  0x000000001d38b800 JavaThread "stdout" [_thread_in_native, id=4768, stack(0x000000002a020000,0x000000002a120000)]
  0x000000001d390000 JavaThread "stderr" [_thread_in_native, id=17756, stack(0x0000000029bb0000,0x0000000029cb0000)]
  0x000000001d391800 JavaThread "stdout" [_thread_in_native, id=19152, stack(0x0000000029dd0000,0x0000000029ed0000)]
  0x000000001d38e000 JavaThread "stderr" [_thread_in_native, id=5168, stack(0x0000000029cd0000,0x0000000029dd0000)]
  0x000000001d392800 JavaThread "stdout" [_thread_in_native, id=8968, stack(0x0000000029ab0000,0x0000000029bb0000)]
  0x000000001d38e800 JavaThread "stderr" [_thread_in_native, id=18640, stack(0x00000000299b0000,0x0000000029ab0000)]
  0x000000001d391000 JavaThread "stdout" [_thread_in_native, id=12932, stack(0x00000000298b0000,0x00000000299b0000)]
  0x000000001d38b000 JavaThread "stderr" [_thread_in_native, id=19996, stack(0x00000000297b0000,0x00000000298b0000)]
  0x000000001d38f800 JavaThread "stdout" [_thread_in_native, id=17456, stack(0x00000000296b0000,0x00000000297b0000)]
  0x000000001e700000 JavaThread "stderr" [_thread_in_native, id=9540, stack(0x00000000295b0000,0x00000000296b0000)]
  0x000000001e6ff800 JavaThread "stdout" [_thread_in_native, id=18632, stack(0x00000000294b0000,0x00000000295b0000)]
  0x000000001e6fc800 JavaThread "stderr" [_thread_in_native, id=19548, stack(0x00000000293b0000,0x00000000294b0000)]
  0x000000001e6fe800 JavaThread "stdout" [_thread_in_native, id=17708, stack(0x00000000292b0000,0x00000000293b0000)]
  0x000000001e6fe000 JavaThread "stderr" [_thread_in_native, id=19608, stack(0x00000000291b0000,0x00000000292b0000)]
  0x000000001e6fb800 JavaThread "pool-2-thread-1" [_thread_blocked, id=18988, stack(0x00000000290b0000,0x00000000291b0000)]
  0x000000001e6fd000 JavaThread "MarlinRenderer Disposer" daemon [_thread_blocked, id=10908, stack(0x0000000028930000,0x0000000028a30000)]
  0x000000001e6fb000 JavaThread "Java2D Disposer" daemon [_thread_blocked, id=1224, stack(0x0000000028d50000,0x0000000028e50000)]
  0x000000001e6f9800 JavaThread "WorkerExecutor Queue Thread 5" [_thread_blocked, id=18512, stack(0x0000000028340000,0x0000000028440000)]
  0x000000001e6f7000 JavaThread "WorkerExecutor Queue Thread 3" [_thread_blocked, id=1248, stack(0x0000000028140000,0x0000000028240000)]
  0x000000001e6f4000 JavaThread "WorkerExecutor Queue" [_thread_blocked, id=5984, stack(0x0000000027f40000,0x0000000028040000)]
  0x000000001e6f2000 JavaThread "Cache worker for execution history cache (D:\noch\Android Studio\.gradle\5.4.1\executionHistory)" [_thread_blocked, id=8988, stack(0x0000000027e40000,0x0000000027f40000)]
  0x000000001e6f5000 JavaThread "Execution worker for ':' Thread 7" [_thread_blocked, id=6164, stack(0x0000000026c80000,0x0000000026d80000)]
  0x000000001e6f5800 JavaThread "Execution worker for ':' Thread 6" [_thread_blocked, id=15804, stack(0x0000000026b80000,0x0000000026c80000)]
  0x0000000020cf2000 JavaThread "Execution worker for ':' Thread 5" [_thread_blocked, id=14344, stack(0x0000000026a80000,0x0000000026b80000)]
  0x0000000020cf1000 JavaThread "Execution worker for ':' Thread 4" [_thread_blocked, id=7172, stack(0x0000000026980000,0x0000000026a80000)]
  0x0000000020cf3800 JavaThread "Execution worker for ':' Thread 3" [_thread_blocked, id=18524, stack(0x0000000026880000,0x0000000026980000)]
  0x0000000020cf0800 JavaThread "Execution worker for ':' Thread 2" [_thread_blocked, id=8720, stack(0x0000000026780000,0x0000000026880000)]
  0x0000000020cf4000 JavaThread "Execution worker for ':'" [_thread_blocked, id=18408, stack(0x0000000026680000,0x0000000026780000)]
  0x0000000020cf2800 JavaThread "Cache worker for file content cache (D:\noch\Android Studio\.gradle\5.4.1\fileContent)" [_thread_blocked, id=19816, stack(0x0000000025c10000,0x0000000025d10000)]
  0x0000000020ce9000 JavaThread "Cache worker for file content cache (C:\Users\Acer\.gradle\caches\5.4.1\fileContent)" [_thread_blocked, id=17424, stack(0x0000000025b10000,0x0000000025c10000)]
  0x0000000020cef800 JavaThread "Memory manager" [_thread_blocked, id=13200, stack(0x00000000253e0000,0x00000000254e0000)]
  0x0000000020ce9800 JavaThread "Cache worker for Build Output Cleanup Cache (D:\noch\Android Studio\.gradle\buildOutputCleanup)" [_thread_blocked, id=15928, stack(0x00000000250e0000,0x00000000251e0000)]
  0x0000000020cee000 JavaThread "Build operations Thread 8" [_thread_blocked, id=9796, stack(0x0000000024de0000,0x0000000024ee0000)]
  0x0000000020ce5800 JavaThread "Build operations Thread 7" [_thread_blocked, id=19156, stack(0x0000000024ce0000,0x0000000024de0000)]
  0x0000000020cec800 JavaThread "Build operations Thread 6" [_thread_blocked, id=19056, stack(0x0000000024be0000,0x0000000024ce0000)]
  0x0000000020ce5000 JavaThread "Build operations Thread 5" [_thread_in_Java, id=5956, stack(0x0000000024ae0000,0x0000000024be0000)]
  0x0000000020ce8000 JavaThread "Build operations Thread 4" [_thread_blocked, id=20140, stack(0x00000000237a0000,0x00000000238a0000)]
  0x0000000020cec000 JavaThread "Build operations Thread 3" [_thread_blocked, id=18128, stack(0x00000000236a0000,0x00000000237a0000)]
  0x0000000020cea800 JavaThread "Build operations Thread 2" [_thread_blocked, id=6900, stack(0x00000000235a0000,0x00000000236a0000)]
  0x0000000020ce7800 JavaThread "Build operations" [_thread_blocked, id=18572, stack(0x00000000234a0000,0x00000000235a0000)]
  0x0000000020ce6800 JavaThread "Cache worker for execution history cache (C:\Users\Acer\.gradle\caches\5.4.1\executionHistory)" [_thread_blocked, id=10168, stack(0x0000000021ef0000,0x0000000021ff0000)]
  0x0000000020ceb000 JavaThread "Cache worker for cache directory md-rule (C:\Users\Acer\.gradle\caches\5.4.1\md-rule)" [_thread_blocked, id=19972, stack(0x0000000021df0000,0x0000000021ef0000)]
  0x000000001b1de000 JavaThread "Cache worker for cache directory md-supplier (C:\Users\Acer\.gradle\caches\5.4.1\md-supplier)" [_thread_blocked, id=18820, stack(0x0000000020200000,0x0000000020300000)]
  0x000000001b1e0800 JavaThread "Cache worker for file hash cache (D:\noch\Android Studio\.gradle\5.4.1\fileHashes)" [_thread_blocked, id=1472, stack(0x0000000020520000,0x0000000020620000)]
  0x000000001b1e5000 JavaThread "Cache worker for journal cache (C:\Users\Acer\.gradle\caches\journal-1)" [_thread_blocked, id=18464, stack(0x000000001cd90000,0x000000001ce90000)]
  0x000000001b1df800 JavaThread "File lock request listener" [_thread_in_native, id=4888, stack(0x000000001cc90000,0x000000001cd90000)]
  0x000000001b1df000 JavaThread "Cache worker for file hash cache (C:\Users\Acer\.gradle\caches\5.4.1\fileHashes)" [_thread_blocked, id=17180, stack(0x000000001c990000,0x000000001ca90000)]
  0x000000001914b800 JavaThread "Thread-9" [_thread_blocked, id=10196, stack(0x000000001c890000,0x000000001c990000)]
  0x0000000019eec000 JavaThread "Asynchronous log dispatcher for DefaultDaemonConnection: socket connection from /127.0.0.1:49375 to /127.0.0.1:49376" [_thread_blocked, id=17168, stack(0x000000001c690000,0x000000001c790000)]
  0x0000000019ef8000 JavaThread "Daemon worker" [_thread_blocked, id=19408, stack(0x000000001c590000,0x000000001c690000)]
  0x0000000019ef7000 JavaThread "Cancel handler" [_thread_blocked, id=15984, stack(0x000000001c390000,0x000000001c490000)]
  0x000000001913d000 JavaThread "Handler for socket connection from /127.0.0.1:49375 to /127.0.0.1:49376" [_thread_in_native, id=19628, stack(0x000000001c090000,0x000000001c190000)]
  0x0000000019136800 JavaThread "Daemon" [_thread_blocked, id=17660, stack(0x000000001bf90000,0x000000001c090000)]
  0x000000001a067800 JavaThread "Daemon periodic checks" [_thread_blocked, id=15956, stack(0x000000001be90000,0x000000001bf90000)]
  0x000000001a0bb000 JavaThread "Incoming local TCP Connector on port 49375" [_thread_in_native, id=14476, stack(0x000000001bce0000,0x000000001bde0000)]
  0x000000001aebf800 JavaThread "Daemon health stats" [_thread_blocked, id=19232, stack(0x000000001b9e0000,0x000000001bae0000)]
  0x00000000190c8000 JavaThread "Service Thread" daemon [_thread_blocked, id=7580, stack(0x0000000019be0000,0x0000000019ce0000)]
  0x000000001904d000 JavaThread "C1 CompilerThread3" daemon [_thread_in_vm, id=12284, stack(0x0000000019ae0000,0x0000000019be0000)]
  0x00000000171cb000 JavaThread "C2 CompilerThread2" daemon [_thread_in_native, id=15200, stack(0x00000000199e0000,0x0000000019ae0000)]
=>0x00000000171ca000 JavaThread "C2 CompilerThread1" daemon [_thread_in_native, id=19188, stack(0x00000000198e0000,0x00000000199e0000)]
  0x0000000018ff1800 JavaThread "C2 CompilerThread0" daemon [_thread_in_native, id=20116, stack(0x00000000197e0000,0x00000000198e0000)]
  0x0000000018fed000 JavaThread "Attach Listener" daemon [_thread_blocked, id=13664, stack(0x00000000196e0000,0x00000000197e0000)]
  0x0000000018fec000 JavaThread "Signal Dispatcher" daemon [_thread_blocked, id=4892, stack(0x00000000195e0000,0x00000000196e0000)]
  0x00000000033fd800 JavaThread "Finalizer" daemon [_thread_blocked, id=17484, stack(0x00000000194b0000,0x00000000195b0000)]
  0x00000000171bc000 JavaThread "Reference Handler" daemon [_thread_blocked, id=19360, stack(0x00000000193b0000,0x00000000194b0000)]
  0x0000000002ded800 JavaThread "main" [_thread_blocked, id=8000, stack(0x0000000003200000,0x0000000003300000)]

Other Threads:
  0x00000000171b8000 VMThread [stack: 0x0000000018eb0000,0x0000000018fb0000] [id=16820]
  0x00000000190ca000 WatcherThread [stack: 0x0000000019ce0000,0x0000000019de0000] [id=19704]

VM state:not at safepoint (normal execution)

VM Mutex/Monitor currently owned by a thread:  ([mutex/lock_event])
[0x0000000002dec0f0] CodeCache_lock - owner thread: 0x000000001904d000

heap address: 0x00000000a0000000, size: 1536 MB, Compressed Oops mode: 32-bit
Narrow klass base: 0x0000000000000000, Narrow klass shift: 3
Compressed class space size: 1073741824 Address: 0x0000000100000000

Heap:
 PSYoungGen      total 430592K, used 297478K [0x00000000e0000000, 0x00000000fcb00000, 0x0000000100000000)
  eden space 396288K, 73% used [0x00000000e0000000,0x00000000f1b36728,0x00000000f8300000)
  from space 34304K, 21% used [0x00000000fa980000,0x00000000fb0cb2b8,0x00000000fcb00000)
  to   space 36864K, 0% used [0x00000000f8300000,0x00000000f8300000,0x00000000fa700000)
 ParOldGen       total 179200K, used 141873K [0x00000000a0000000, 0x00000000aaf00000, 0x00000000e0000000)
  object space 179200K, 79% used [0x00000000a0000000,0x00000000a8a8c540,0x00000000aaf00000)
 Metaspace       used 125513K, capacity 129766K, committed 130048K, reserved 1163264K
  class space    used 15910K, capacity 16773K, committed 16896K, reserved 1048576K

Card table byte_map: [0x00000000127c0000,0x0000000012ad0000] byte_map_base: 0x00000000122c0000

Marking Bits: (ParMarkBitMap*) 0x0000000066219f30
 Begin Bits: [0x00000000134d0000, 0x0000000014cd0000)
 End Bits:   [0x0000000014cd0000, 0x00000000164d0000)

Polling page: 0x0000000001050000

CodeCache: size=245760Kb used=54987Kb max_used=55883Kb free=190772Kb
 bounds [0x0000000003400000, 0x0000000006af0000, 0x0000000012400000]
 total_blobs=16873 nmethods=15811 adapters=973
 compilation: enabled

Compilation events (10 events):
Event: 117.475 Thread 0x000000001904d000 19506       2       com.android.tools.r8.ir.code.Y::a (45 bytes)
Event: 117.476 Thread 0x000000001904d000 nmethod 19506 0x0000000005d86c90 code [0x0000000005d86e40, 0x0000000005d87148]
Event: 117.500 Thread 0x000000001904d000 19507 %     3       com.android.tools.r8.ir.regalloc.c::a @ 7 (63 bytes)
Event: 117.501 Thread 0x000000001904d000 nmethod 19507% 0x0000000005b39f10 code [0x0000000005b3a100, 0x0000000005b3aa48]
Event: 117.602 Thread 0x000000001904d000 19509       2       com.android.tools.r8.graph.DexCode$TryHandler$TypeAddrPair::<init> (15 bytes)
Event: 117.602 Thread 0x000000001904d000 nmethod 19509 0x0000000004af9050 code [0x0000000004af91a0, 0x0000000004af9310]
Event: 117.617 Thread 0x000000001904d000 19510       2       com.android.tools.r8.ir.conversion.y::a (5 bytes)
Event: 117.618 Thread 0x000000001904d000 nmethod 19510 0x0000000005df81d0 code [0x0000000005df8320, 0x0000000005df84b0]
Event: 117.620 Thread 0x000000001904d000 19511       2       com.android.tools.r8.code.Format22b::equals (64 bytes)
Event: 117.620 Thread 0x000000001904d000 nmethod 19511 0x0000000005ea5690 code [0x0000000005ea57e0, 0x0000000005ea59f0]

GC Heap History (10 events):
Event: 107.558 GC heap before
{Heap before GC invocations=30 (full 4):
 PSYoungGen      total 374272K, used 345386K [0x00000000e0000000, 0x00000000fce80000, 0x0000000100000000)
  eden space 334848K, 100% used [0x00000000e0000000,0x00000000f4700000,0x00000000f4700000)
  from space 39424K, 26% used [0x00000000f4700000,0x00000000f514abf0,0x00000000f6d80000)
  to   space 37888K, 0% used [0x00000000fa980000,0x00000000fa980000,0x00000000fce80000)
 ParOldGen       total 179200K, used 107795K [0x00000000a0000000, 0x00000000aaf00000, 0x00000000e0000000)
  object space 179200K, 60% used [0x00000000a0000000,0x00000000a6944e70,0x00000000aaf00000)
 Metaspace       used 123978K, capacity 127958K, committed 128256K, reserved 1161216K
  class space    used 15719K, capacity 16535K, committed 16640K, reserved 1048576K
Event: 107.577 GC heap after
Heap after GC invocations=30 (full 4):
 PSYoungGen      total 430592K, used 9372K [0x00000000e0000000, 0x00000000fcb00000, 0x0000000100000000)
  eden space 396288K, 0% used [0x00000000e0000000,0x00000000e0000000,0x00000000f8300000)
  from space 34304K, 27% used [0x00000000fa980000,0x00000000fb2a72a0,0x00000000fcb00000)
  to   space 36864K, 0% used [0x00000000f8300000,0x00000000f8300000,0x00000000fa700000)
 ParOldGen       total 179200K, used 116936K [0x00000000a0000000, 0x00000000aaf00000, 0x00000000e0000000)
  object space 179200K, 65% used [0x00000000a0000000,0x00000000a72323b0,0x00000000aaf00000)
 Metaspace       used 123978K, capacity 127958K, committed 128256K, reserved 1161216K
  class space    used 15719K, capacity 16535K, committed 16640K, reserved 1048576K
}
Event: 108.660 GC heap before
{Heap before GC invocations=31 (full 4):
 PSYoungGen      total 430592K, used 405660K [0x00000000e0000000, 0x00000000fcb00000, 0x0000000100000000)
  eden space 396288K, 100% used [0x00000000e0000000,0x00000000f8300000,0x00000000f8300000)
  from space 34304K, 27% used [0x00000000fa980000,0x00000000fb2a72a0,0x00000000fcb00000)
  to   space 36864K, 0% used [0x00000000f8300000,0x00000000f8300000,0x00000000fa700000)
 ParOldGen       total 179200K, used 116936K [0x00000000a0000000, 0x00000000aaf00000, 0x00000000e0000000)
  object space 179200K, 65% used [0x00000000a0000000,0x00000000a72323b0,0x00000000aaf00000)
 Metaspace       used 124052K, capacity 128024K, committed 128256K, reserved 1161216K
  class space    used 15720K, capacity 16536K, committed 16640K, reserved 1048576K
Event: 108.674 GC heap after
Heap after GC invocations=31 (full 4):
 PSYoungGen      total 433152K, used 7824K [0x00000000e0000000, 0x00000000fcb00000, 0x0000000100000000)
  eden space 396288K, 0% used [0x00000000e0000000,0x00000000e0000000,0x00000000f8300000)
  from space 36864K, 21% used [0x00000000f8300000,0x00000000f8aa4010,0x00000000fa700000)
  to   space 34304K, 0% used [0x00000000fa980000,0x00000000fa980000,0x00000000fcb00000)
 ParOldGen       total 179200K, used 120816K [0x00000000a0000000, 0x00000000aaf00000, 0x00000000e0000000)
  object space 179200K, 67% used [0x00000000a0000000,0x00000000a75fc3d0,0x00000000aaf00000)
 Metaspace       used 124052K, capacity 128024K, committed 128256K, reserved 1161216K
  class space    used 15720K, capacity 16536K, committed 16640K, reserved 1048576K
}
Event: 110.286 GC heap before
{Heap before GC invocations=32 (full 4):
 PSYoungGen      total 433152K, used 404112K [0x00000000e0000000, 0x00000000fcb00000, 0x0000000100000000)
  eden space 396288K, 100% used [0x00000000e0000000,0x00000000f8300000,0x00000000f8300000)
  from space 36864K, 21% used [0x00000000f8300000,0x00000000f8aa4010,0x00000000fa700000)
  to   space 34304K, 0% used [0x00000000fa980000,0x00000000fa980000,0x00000000fcb00000)
 ParOldGen       total 179200K, used 120816K [0x00000000a0000000, 0x00000000aaf00000, 0x00000000e0000000)
  object space 179200K, 67% used [0x00000000a0000000,0x00000000a75fc3d0,0x00000000aaf00000)
 Metaspace       used 124812K, capacity 129018K, committed 129152K, reserved 1161216K
  class space    used 15817K, capacity 16695K, committed 16768K, reserved 1048576K
Event: 110.353 GC heap after
Heap after GC invocations=32 (full 4):
 PSYoungGen      total 430592K, used 10042K [0x00000000e0000000, 0x00000000fcb00000, 0x0000000100000000)
  eden space 396288K, 0% used [0x00000000e0000000,0x00000000e0000000,0x00000000f8300000)
  from space 34304K, 29% used [0x00000000fa980000,0x00000000fb34e950,0x00000000fcb00000)
  to   space 36864K, 0% used [0x00000000f8300000,0x00000000f8300000,0x00000000fa700000)
 ParOldGen       total 179200K, used 128093K [0x00000000a0000000, 0x00000000aaf00000, 0x00000000e0000000)
  object space 179200K, 71% used [0x00000000a0000000,0x00000000a7d17400,0x00000000aaf00000)
 Metaspace       used 124812K, capacity 129018K, committed 129152K, reserved 1161216K
  class space    used 15817K, capacity 16695K, committed 16768K, reserved 1048576K
}
Event: 114.399 GC heap before
{Heap before GC invocations=33 (full 4):
 PSYoungGen      total 430592K, used 406330K [0x00000000e0000000, 0x00000000fcb00000, 0x0000000100000000)
  eden space 396288K, 100% used [0x00000000e0000000,0x00000000f8300000,0x00000000f8300000)
  from space 34304K, 29% used [0x00000000fa980000,0x00000000fb34e950,0x00000000fcb00000)
  to   space 36864K, 0% used [0x00000000f8300000,0x00000000f8300000,0x00000000fa700000)
 ParOldGen       total 179200K, used 128093K [0x00000000a0000000, 0x00000000aaf00000, 0x00000000e0000000)
  object space 179200K, 71% used [0x00000000a0000000,0x00000000a7d17400,0x00000000aaf00000)
 Metaspace       used 125457K, capacity 129750K, committed 130048K, reserved 1163264K
  class space    used 15906K, capacity 16769K, committed 16896K, reserved 1048576K
Event: 114.509 GC heap after
Heap after GC invocations=33 (full 4):
 PSYoungGen      total 433152K, used 10280K [0x00000000e0000000, 0x00000000fcb00000, 0x0000000100000000)
  eden space 396288K, 0% used [0x00000000e0000000,0x00000000e0000000,0x00000000f8300000)
  from space 36864K, 27% used [0x00000000f8300000,0x00000000f8d0a3d8,0x00000000fa700000)
  to   space 34304K, 0% used [0x00000000fa980000,0x00000000fa980000,0x00000000fcb00000)
 ParOldGen       total 179200K, used 135793K [0x00000000a0000000, 0x00000000aaf00000, 0x00000000e0000000)
  object space 179200K, 75% used [0x00000000a0000000,0x00000000a849c708,0x00000000aaf00000)
 Metaspace       used 125457K, capacity 129750K, committed 130048K, reserved 1163264K
  class space    used 15906K, capacity 16769K, committed 16896K, reserved 1048576K
}
Event: 116.415 GC heap before
{Heap before GC invocations=34 (full 4):
 PSYoungGen      total 433152K, used 406568K [0x00000000e0000000, 0x00000000fcb00000, 0x0000000100000000)
  eden space 396288K, 100% used [0x00000000e0000000,0x00000000f8300000,0x00000000f8300000)
  from space 36864K, 27% used [0x00000000f8300000,0x00000000f8d0a3d8,0x00000000fa700000)
  to   space 34304K, 0% used [0x00000000fa980000,0x00000000fa980000,0x00000000fcb00000)
 ParOldGen       total 179200K, used 135793K [0x00000000a0000000, 0x00000000aaf00000, 0x00000000e0000000)
  object space 179200K, 75% used [0x00000000a0000000,0x00000000a849c708,0x00000000aaf00000)
 Metaspace       used 125489K, capacity 129760K, committed 130048K, reserved 1163264K
  class space    used 15908K, capacity 16772K, committed 16896K, reserved 1048576K
Event: 116.430 GC heap after
Heap after GC invocations=34 (full 4):
 PSYoungGen      total 430592K, used 7468K [0x00000000e0000000, 0x00000000fcb00000, 0x0000000100000000)
  eden space 396288K, 0% used [0x00000000e0000000,0x00000000e0000000,0x00000000f8300000)
  from space 34304K, 21% used [0x00000000fa980000,0x00000000fb0cb2b8,0x00000000fcb00000)
  to   space 36864K, 0% used [0x00000000f8300000,0x00000000f8300000,0x00000000fa700000)
 ParOldGen       total 179200K, used 141873K [0x00000000a0000000, 0x00000000aaf00000, 0x00000000e0000000)
  object space 179200K, 79% used [0x00000000a0000000,0x00000000a8a8c540,0x00000000aaf00000)
 Metaspace       used 125489K, capacity 129760K, committed 130048K, reserved 1163264K
  class space    used 15908K, capacity 16772K, committed 16896K, reserved 1048576K
}

Deoptimization events (10 events):
Event: 112.653 Thread 0x000000001e6f7000 Uncommon trap: reason=bimorphic action=maybe_recompile pc=0x0000000004beea38 method=java.io.ObjectOutputStream$BlockDataOutputStream.drain()V @ 36
Event: 112.653 Thread 0x000000001e6f7000 Uncommon trap: reason=bimorphic action=maybe_recompile pc=0x000000000357b0bc method=java.io.ObjectOutputStream$BlockDataOutputStream.drain()V @ 36
Event: 112.653 Thread 0x000000001e6f7000 Uncommon trap: reason=bimorphic action=maybe_recompile pc=0x0000000004beea38 method=java.io.ObjectOutputStream$BlockDataOutputStream.drain()V @ 36
Event: 112.653 Thread 0x000000001e6f7000 Uncommon trap: reason=bimorphic action=maybe_recompile pc=0x000000000357b0bc method=java.io.ObjectOutputStream$BlockDataOutputStream.drain()V @ 36
Event: 112.653 Thread 0x000000001e6f7000 Uncommon trap: reason=unstable_if action=reinterpret pc=0x0000000003f95230 method=java.io.ObjectOutputStream$BlockDataOutputStream.writeBytes(Ljava/lang/String;)V @ 22
Event: 112.654 Thread 0x000000001e6f7000 Uncommon trap: reason=unstable_if action=reinterpret pc=0x0000000004237f1c method=java.io.ObjectOutputStream$BlockDataOutputStream.writeBytes(Ljava/lang/String;)V @ 22
Event: 114.925 Thread 0x0000000020ce5000 Uncommon trap: reason=class_check action=maybe_recompile pc=0x0000000005f4fe18 method=com.android.tools.r8.ir.analysis.g.e.b(Lcom/android/tools/r8/ir/code/Instruction;)V @ 376
Event: 116.229 Thread 0x0000000020ce5000 Uncommon trap: reason=unstable_if action=reinterpret pc=0x0000000006816004 method=com.android.tools.r8.ir.conversion.N.b(Lcom/android/tools/r8/t/a/a/G/a;)Z @ 39
Event: 116.575 Thread 0x0000000020ce5000 Uncommon trap: reason=unstable_if action=reinterpret pc=0x0000000005b0bcd8 method=java.util.concurrent.ConcurrentHashMap.computeIfAbsent(Ljava/lang/Object;Ljava/util/function/Function;)Ljava/lang/Object; @ 281
Event: 116.576 Thread 0x0000000020ce5000 Uncommon trap: reason=unstable_if action=reinterpret pc=0x00000000038771ac method=com.android.tools.r8.graph.DexString.<init>(Ljava/lang/String;)V @ 32

Classes redefined (0 events):
No events

Internal exceptions (10 events):
Event: 109.721 Thread 0x0000000020cf3800 Exception <a 'sun/nio/fs/WindowsException'> (0x00000000ec2eed20) thrown at [D:\src\AOSP-openjdk-cygwin\jdk8u\hotspot\src\share\vm\prims\jni.cpp, line 710]
Event: 110.015 Thread 0x0000000020cf0800 Exception <a 'java/lang/NoSuchMethodError': <clinit>> (0x00000000f316f9d8) thrown at [D:\src\AOSP-openjdk-cygwin\jdk8u\hotspot\src\share\vm\prims\jni.cpp, line 1614]
Event: 110.017 Thread 0x0000000020cf0800 Exception <a 'java/lang/NoSuchMethodError': <clinit>> (0x00000000f3186e20) thrown at [D:\src\AOSP-openjdk-cygwin\jdk8u\hotspot\src\share\vm\prims\jni.cpp, line 1614]
Event: 110.056 Thread 0x000000001e6f7000 Exception <a 'sun/nio/fs/WindowsException'> (0x00000000f433cb78) thrown at [D:\src\AOSP-openjdk-cygwin\jdk8u\hotspot\src\share\vm\prims\jni.cpp, line 710]
Event: 110.080 Thread 0x000000001e6f7000 Exception <a 'java/lang/NoSuchMethodError': java.lang.Object.lambda$asRunnable$0(Lcom/android/tools/build/apkzlib/utils/IOExceptionRunnable;)V> (0x00000000f435b8c0) thrown at [D:\src\AOSP-openjdk-cygwin\jdk8u\hotspot\src\share\vm\interpreter\linkResolver.
Event: 110.192 Thread 0x000000001e6f5800 Exception <a 'sun/nio/fs/WindowsException'> (0x00000000f61792b8) thrown at [D:\src\AOSP-openjdk-cygwin\jdk8u\hotspot\src\share\vm\prims\jni.cpp, line 710]
Event: 110.203 Thread 0x000000001e6f7000 Exception <a 'java/lang/NoSuchMethodError': java.lang.Object.newSystemTemporaryDirectory()Lcom/android/tools/build/apkzlib/bytestorage/TemporaryDirectory;> (0x00000000f6cfb518) thrown at [D:\src\AOSP-openjdk-cygwin\jdk8u\hotspot\src\share\vm\interpreter\l
Event: 112.354 Thread 0x0000000020cf1000 Exception <a 'sun/nio/fs/WindowsException'> (0x00000000ed7fcaa0) thrown at [D:\src\AOSP-openjdk-cygwin\jdk8u\hotspot\src\share\vm\prims\jni.cpp, line 710]
Event: 114.556 Thread 0x0000000020cf2000 Exception <a 'sun/nio/fs/WindowsException'> (0x00000000e00f0db0) thrown at [D:\src\AOSP-openjdk-cygwin\jdk8u\hotspot\src\share\vm\prims\jni.cpp, line 710]
Event: 114.726 Thread 0x0000000020ce5000 Exception <a 'sun/nio/fs/WindowsException'> (0x00000000e0f0ad90) thrown at [D:\src\AOSP-openjdk-cygwin\jdk8u\hotspot\src\share\vm\prims\jni.cpp, line 710]

Events (10 events):
Event: 117.487 Thread 0x0000000020ce5000 DEOPT PACKING pc=0x000000000610310d sp=0x0000000024bdb1f0
Event: 117.487 Thread 0x0000000020ce5000 DEOPT UNPACKING pc=0x00000000034475d0 sp=0x0000000024bdb268 mode 0
Event: 117.489 Thread 0x0000000020ce5000 DEOPT PACKING pc=0x0000000006001994 sp=0x0000000024bdb170
Event: 117.489 Thread 0x0000000020ce5000 DEOPT UNPACKING pc=0x00000000034475d0 sp=0x0000000024bdb268 mode 0
Event: 117.491 Thread 0x0000000020ce5000 DEOPT PACKING pc=0x00000000060c39ce sp=0x0000000024bdb190
Event: 117.491 Thread 0x0000000020ce5000 DEOPT UNPACKING pc=0x00000000034475d0 sp=0x0000000024bdb268 mode 0
Event: 117.502 Thread 0x0000000020ce5000 DEOPT PACKING pc=0x0000000005cfaa56 sp=0x0000000024bdaf30
Event: 117.502 Thread 0x0000000020ce5000 DEOPT UNPACKING pc=0x00000000034475d0 sp=0x0000000024bdadf0 mode 0
Event: 117.545 Thread 0x0000000020ce5000 DEOPT PACKING pc=0x0000000003e81d7f sp=0x0000000024bdbc80
Event: 117.545 Thread 0x0000000020ce5000 DEOPT UNPACKING pc=0x00000000034475d0 sp=0x0000000024bdb9e8 mode 0


Dynamic libraries:
0x00007ff7cdfe0000 - 0x00007ff7ce011000 	D:\AndroidStudio\jre\bin\java.exe
0x00007ffddf000000 - 0x00007ffddf1f0000 	C:\WINDOWS\SYSTEM32\ntdll.dll
0x00007ffddecf0000 - 0x00007ffddeda2000 	C:\WINDOWS\System32\KERNEL32.DLL
0x00007ffddc070000 - 0x00007ffddc315000 	C:\WINDOWS\System32\KERNELBASE.dll
0x00007ffddd0b0000 - 0x00007ffddd153000 	C:\WINDOWS\System32\ADVAPI32.dll
0x00007ffddef20000 - 0x00007ffddefbe000 	C:\WINDOWS\System32\msvcrt.dll
0x00007ffddd210000 - 0x00007ffddd2a7000 	C:\WINDOWS\System32\sechost.dll
0x00007ffddd6c0000 - 0x00007ffddd7e0000 	C:\WINDOWS\System32\RPCRT4.dll
0x00007ffddeb50000 - 0x00007ffddece4000 	C:\WINDOWS\System32\USER32.dll
0x00007ffddc320000 - 0x00007ffddc341000 	C:\WINDOWS\System32\win32u.dll
0x00007ffdde900000 - 0x00007ffdde926000 	C:\WINDOWS\System32\GDI32.dll
0x00007ffddcc30000 - 0x00007ffddcdc6000 	C:\WINDOWS\System32\gdi32full.dll
0x00007ffddcf60000 - 0x00007ffddcffe000 	C:\WINDOWS\System32\msvcp_win.dll
0x00007ffddbf70000 - 0x00007ffddc06a000 	C:\WINDOWS\System32\ucrtbase.dll
0x00007ffdcdd00000 - 0x00007ffdcdf84000 	C:\WINDOWS\WinSxS\amd64_microsoft.windows.common-controls_6595b64144ccf1df_6.0.18362.1256_none_9e7e379be45e40e2\COMCTL32.dll
0x00007ffdde560000 - 0x00007ffdde896000 	C:\WINDOWS\System32\combase.dll
0x00007ffddce20000 - 0x00007ffddcea1000 	C:\WINDOWS\System32\bcryptPrimitives.dll
0x00007ffddeb20000 - 0x00007ffddeb4e000 	C:\WINDOWS\System32\IMM32.DLL
0x00007ffddbe30000 - 0x00007ffddbe9e000 	C:\WINDOWS\System32\dtrampo.dll
0x0000000066900000 - 0x00000000669d2000 	D:\AndroidStudio\jre\jre\bin\msvcr100.dll
0x0000000065a50000 - 0x0000000066296000 	D:\AndroidStudio\jre\jre\bin\server\jvm.dll
0x00007ffddd6b0000 - 0x00007ffddd6b8000 	C:\WINDOWS\System32\PSAPI.DLL
0x00007ffdc9260000 - 0x00007ffdc9269000 	C:\WINDOWS\SYSTEM32\WSOCK32.dll
0x00007ffddd8c0000 - 0x00007ffddd92f000 	C:\WINDOWS\System32\WS2_32.dll
0x00007ffdd9df0000 - 0x00007ffdd9e14000 	C:\WINDOWS\SYSTEM32\WINMM.dll
0x00007ffdd41b0000 - 0x00007ffdd41ba000 	C:\WINDOWS\SYSTEM32\VERSION.dll
0x00007ffdd9d70000 - 0x00007ffdd9d9d000 	C:\WINDOWS\SYSTEM32\WINMMBASE.dll
0x00007ffddcdd0000 - 0x00007ffddce1a000 	C:\WINDOWS\System32\cfgmgr32.dll
0x00007ffdd86c0000 - 0x00007ffdd86cf000 	D:\AndroidStudio\jre\jre\bin\verify.dll
0x00007ffdd4e70000 - 0x00007ffdd4e99000 	D:\AndroidStudio\jre\jre\bin\java.dll
0x00007ffdd4e50000 - 0x00007ffdd4e66000 	D:\AndroidStudio\jre\jre\bin\zip.dll
0x00007ffddda00000 - 0x00007ffdde0e7000 	C:\WINDOWS\System32\SHELL32.dll
0x0000000002df0000 - 0x0000000002e99000 	C:\WINDOWS\System32\shcore.dll
0x00007ffddc4a0000 - 0x00007ffddcc21000 	C:\WINDOWS\System32\windows.storage.dll
0x00000000195b0000 - 0x00000000195d3000 	C:\WINDOWS\System32\profapi.dll
0x00007ffddbed0000 - 0x00007ffddbf1a000 	C:\WINDOWS\System32\powrprof.dll
0x00007ffddbea0000 - 0x00007ffddbeb0000 	C:\WINDOWS\System32\UMPDC.dll
0x00007ffddd860000 - 0x00007ffddd8b2000 	C:\WINDOWS\System32\shlwapi.dll
0x00007ffddbeb0000 - 0x00007ffddbec1000 	C:\WINDOWS\System32\kernel.appcore.dll
0x00007ffddcf40000 - 0x00007ffddcf57000 	C:\WINDOWS\System32\cryptsp.dll
0x00007ffdd4e30000 - 0x00007ffdd4e4a000 	D:\AndroidStudio\jre\jre\bin\net.dll
0x00007ffdcd760000 - 0x00007ffdcd851000 	C:\Windows\Netease\UU\uu_lsp64.dll
0x00007ffddc350000 - 0x00007ffddc499000 	C:\WINDOWS\System32\CRYPT32.dll
0x00007ffddbf20000 - 0x00007ffddbf32000 	C:\WINDOWS\System32\MSASN1.dll
0x00007ffddb390000 - 0x00007ffddb3ca000 	C:\WINDOWS\SYSTEM32\IPHLPAPI.DLL
0x00007ffddb680000 - 0x00007ffddb6e7000 	C:\WINDOWS\system32\mswsock.dll
0x00007ffdcd750000 - 0x00007ffdcd75a000 	C:\WINDOWS\system32\wshqos.dll
0x00007ffdcd740000 - 0x00007ffdcd748000 	C:\WINDOWS\SYSTEM32\wshtcpip.DLL
0x00007ffdcd730000 - 0x00007ffdcd738000 	C:\WINDOWS\SYSTEM32\wship6.dll
0x00007ffdd4e10000 - 0x00007ffdd4e21000 	D:\AndroidStudio\jre\jre\bin\nio.dll
0x00007ffdaee00000 - 0x00007ffdaee26000 	C:\Users\Acer\.gradle\native\29\windows-amd64\native-platform.dll
0x00007ffdd4e00000 - 0x00007ffdd4e0d000 	D:\AndroidStudio\jre\jre\bin\management.dll
0x00007ffddb1f0000 - 0x00007ffddb223000 	C:\WINDOWS\system32\rsaenh.dll
0x00007ffddceb0000 - 0x00007ffddced6000 	C:\WINDOWS\System32\bcrypt.dll
0x00007ffddbd50000 - 0x00007ffddbd75000 	C:\WINDOWS\SYSTEM32\USERENV.dll
0x00007ffddb850000 - 0x00007ffddb85c000 	C:\WINDOWS\SYSTEM32\CRYPTBASE.dll
0x00007ffddef10000 - 0x00007ffddef18000 	C:\WINDOWS\System32\NSI.dll
0x00007ffdd4310000 - 0x00007ffdd4326000 	C:\WINDOWS\SYSTEM32\dhcpcsvc6.DLL
0x00007ffdd42f0000 - 0x00007ffdd430c000 	C:\WINDOWS\SYSTEM32\dhcpcsvc.DLL
0x00007ffddb3d0000 - 0x00007ffddb49b000 	C:\WINDOWS\SYSTEM32\DNSAPI.dll
0x00007ffd94450000 - 0x00007ffd945ec000 	D:\AndroidStudio\jre\jre\bin\awt.dll
0x00007ffddd930000 - 0x00007ffddd9f5000 	C:\WINDOWS\System32\OLEAUT32.dll
0x00007ffdda5a0000 - 0x00007ffdda5cd000 	C:\WINDOWS\SYSTEM32\dwmapi.dll
0x00007ffdd8ac0000 - 0x00007ffdd9080000 	C:\WINDOWS\SYSTEM32\d2d1.dll
0x00007ffdda070000 - 0x00007ffdda0ff000 	C:\WINDOWS\SYSTEM32\apphelp.dll
0x00007ffdda170000 - 0x00007ffdda209000 	C:\WINDOWS\system32\uxtheme.dll
0x00007ffdd4c30000 - 0x00007ffdd4c54000 	D:\AndroidStudio\jre\jre\bin\sunec.dll
0x00007ffdd41c0000 - 0x00007ffdd41ca000 	C:\Windows\System32\rasadhlp.dll
0x00007ffdd3f50000 - 0x00007ffdd3fc7000 	C:\WINDOWS\System32\fwpuclnt.dll
0x00007ffdd4c20000 - 0x00007ffdd4c2b000 	D:\AndroidStudio\jre\jre\bin\sunmscapi.dll

VM Arguments:
jvm_args: -Xmx1536m -Dfile.encoding=GBK -Duser.country=CN -Duser.language=zh -Duser.variant 
java_command: org.gradle.launcher.daemon.bootstrap.GradleDaemon 5.4.1
java_class_path (initial): C:\Users\Acer\.gradle\wrapper\dists\gradle-5.4.1-all\3221gyojl5jsh0helicew7rwx\gradle-5.4.1\lib\gradle-launcher-5.4.1.jar
Launcher Type: SUN_STANDARD

Environment Variables:
JAVA_HOME=C:\Program Files\AdoptOpenJDK\jdk-11.0.8.10-hotspot\
CLASSPATH=.;C:\Program Files\Java\jdk1.8.0_221\lib
PATH=C:\Program Files\AdoptOpenJDK\jdk-11.0.8.10-hotspot\bin;C:\Program Files\Java\jdk1.8.0_221\bin;C:\Windows\System32;D:\SQL\bin;D:\swipl\bin;D:\x86_64-8.1.0-release-posix-seh-rt_v6-rev0\mingw64\bin;D:\BaiduNetdiskDownload\gcc\bin;D:\nodejs\;D:\sdk\build-tools\30.0.3;D:\sdk\emulator;D:\sdk\platform-tools;D:\PYTHON3.7\Scripts\;D:\PYTHON3.7\;D:\Anaconda3;D:\Anaconda3\Library\mingw-w64\bin;D:\Anaconda3\Library\usr\bin;D:\Anaconda3\Library\bin;D:\Anaconda3\Scripts;D:\Python\Scripts\;D:\Python\;C:\Users\Acer\AppData\Local\Microsoft\WindowsApps;D:\miktex\miktex\bin\x64\;D:\Microsoft VS Code\bin;C:\Windows\System32;D:\SQL\bin;D:\apache-maven-3.6.3-bin\apache-maven-3.6.3\bin;D:\x86_64-8.1.0-release-posix-seh-rt_v6-rev0\mingw64\bin;C:\Users\Acer\AppData\Roaming\npm;D:\文档\个人代码\大三上\libsvm-3.24\windows;
USERNAME=Acer
OS=Windows_NT
PROCESSOR_IDENTIFIER=Intel64 Family 6 Model 142 Stepping 10, GenuineIntel



---------------  S Y S T E M  ---------------

OS: Windows 10.0 , 64 bit Build 18362 (10.0.18362.1110)

CPU:total 8 (initial active 8) (4 cores per cpu, 2 threads per core) family 6 model 142 stepping 10, cmov, cx8, fxsr, mmx, sse, sse2, sse3, ssse3, sse4.1, sse4.2, popcnt, avx, avx2, aes, clmul, erms, 3dnowpref, lzcnt, ht, tsc, tscinvbit, bmi1, bmi2, adx

Memory: 4k page, physical 8261224k(403648k free), swap 20956504k(5256k free)

vm_info: OpenJDK 64-Bit Server VM (25.202-b03) for windows-amd64 JRE (1.8.0_202-release-1483-b03), built by "builder" with MS VC++ 10.0 (VS2010)

time: Tue Jan 12 10:27:07 2021
timezone: 中国标准时间
elapsed time: 117 seconds (0d 0h 1m 57s)

